<?xml version="1.0" encoding="utf-8"?><testsuites name="pytest tests"><testsuite name="pytest" errors="0" failures="0" skipped="0" tests="9" time="6.364" timestamp="2026-06-27T14:51:37.353340+00:00" hostname="agent-env-ce9c8e4c-9176-4169-a78d-2d45326dfc08"><testcase classname="tests.test_preview_and_places.TestPreviewBundle" name="test_preview_bundle_requires_auth" time="0.183" /><testcase classname="tests.test_preview_and_places.TestStaticFilesRemoved" name="test_faq_html_deleted_serves_spa_fallback" time="0.135" /><testcase classname="tests.test_preview_and_places.TestStaticFilesRemoved" name="test_guide_html_deleted_serves_spa_fallback" time="0.046" /><testcase classname="tests.test_preview_and_places.TestStaticFilesRemoved" name="test_citymap_png_exists" time="0.132" /><testcase classname="tests.test_preview_and_places.TestPreviewBundle" name="test_preview_bundle_returns_all_keys" time="0.602" /><testcase classname="tests.test_preview_and_places.TestPublishFlowStillWorks" name="test_publish_dry_with_all_8_sections" time="0.611" /><testcase classname="tests.test_preview_and_places.TestPlacesXY" name="test_places_returns_nine_entries_with_xy" time="0.045" /><testcase classname="tests.test_preview_and_places.TestPlacesXY" name="test_places_update_xy_persists" time="0.288" /><testcase classname="tests.test_preview_and_places.TestPublishFlowStillWorks" name="test_publish_real_returns_ok" time="4.871" /></testsuite></testsuites>