<?xml version="1.0" encoding="utf-8"?><testsuites name="pytest tests"><testsuite name="pytest" errors="0" failures="1" skipped="0" tests="14" time="4.821" timestamp="2026-06-27T12:54:16.694144+00:00" hostname="agent-env-ce9c8e4c-9176-4169-a78d-2d45326dfc08"><testcase classname="tests.test_statev_admin.TestAuthGating" name="test_overview_without_cookie_returns_401" time="0.203" /><testcase classname="tests.test_statev_admin.TestFirmaEndpoints" name="test_firma_endpoints_status_200[/api/firma/inventory]" time="0.624" /><testcase classname="tests.test_statev_admin.TestAuthGating" name="test_overview_with_cookie_returns_200" time="0.501" /><testcase classname="tests.test_statev_admin.TestFirmaEndpoints" name="test_firma_endpoints_status_200[/api/firma/machine]" time="0.444" /><testcase classname="tests.test_statev_admin.TestCMSPublic" name="test_events_public_returns_list_of_six" time="0.050" /><testcase classname="tests.test_statev_admin.TestCMSPublic" name="test_events_post_without_cookie_returns_401" time="0.049" /><testcase classname="tests.test_statev_admin.TestBuildings" name="test_buildings_list_200" time="0.457" /><testcase classname="tests.test_statev_admin.TestFirmaEndpoints" name="test_firma_endpoints_status_200[/api/firma/counter]" time="0.448"><failure message="AssertionError: /api/firma/counter -&gt; 404: {&quot;detail&quot;:&quot;Counter is empty&quot;}&#10;assert 404 == 200&#10; +  where 404 = &lt;Response [404]&gt;.status_code">backend/tests/test_statev_admin.py:50: in test_firma_endpoints_status_200
    assert r.status_code == 200, f"{path} -&gt; {r.status_code}: {r.text[:200]}"
E   AssertionError: /api/firma/counter -&gt; 404: {"detail":"Counter is empty"}
E   assert 404 == 200
E    +  where 404 = &lt;Response [404]&gt;.status_code</failure></testcase><testcase classname="tests.test_statev_admin.TestCMSCrud" name="test_event_crud_lifecycle" time="0.192" /><testcase classname="tests.test_statev_admin.TestFirmaEndpoints" name="test_firma_endpoints_status_200[/api/firma/productions]" time="0.448" /><testcase classname="tests.test_statev_admin.TestFirmaEndpoints" name="test_firma_endpoints_status_200[/api/firma/vehicles]" time="0.452" /><testcase classname="tests.test_statev_admin.TestFirmaEndpoints" name="test_firma_endpoints_status_200[/api/firma/marketoffers]" time="0.849" /><testcase classname="tests.test_statev_admin.TestFirmaEndpoints" name="test_firma_endpoints_status_200[/api/firma/buylog]" time="0.449" /><testcase classname="tests.test_statev_admin.TestFirmaEndpoints" name="test_bankaccounts_premium_flag" time="0.444" /></testsuite></testsuites>