<?xml version="1.0" encoding="utf-8"?><testsuites name="pytest tests"><testsuite name="pytest" errors="0" failures="0" skipped="0" tests="27" time="7.231" timestamp="2026-06-27T14:31:46.288321+00:00" hostname="agent-env-ce9c8e4c-9176-4169-a78d-2d45326dfc08"><testcase classname="tests.test_publish_and_kinds.TestPublicContentAllKinds" name="test_get_kind_returns_seeded_list[events]" time="0.293" /><testcase classname="tests.test_publish_and_kinds.TestNewKindsAuthGating" name="test_post_without_cookie_returns_401[sights]" time="0.168" /><testcase classname="tests.test_publish_and_kinds.TestNewKindsAuthGating" name="test_post_without_cookie_returns_401[places]" time="0.047" /><testcase classname="tests.test_publish_and_kinds.TestNewKindsAuthGating" name="test_post_without_cookie_returns_401[jobs]" time="0.048" /><testcase classname="tests.test_publish_and_kinds.TestNewKindsAuthGating" name="test_post_without_cookie_returns_401[companies]" time="0.084" /><testcase classname="tests.test_publish_and_kinds.TestPublicContentAllKinds" name="test_get_kind_returns_seeded_list[news]" time="0.064" /><testcase classname="tests.test_publish_and_kinds.TestNewKindsAuthGating" name="test_post_without_cookie_returns_401[freizeit]" time="0.048" /><testcase classname="tests.test_publish_and_kinds.TestPublicContentAllKinds" name="test_get_kind_returns_seeded_list[gallery]" time="0.063" /><testcase classname="tests.test_publish_and_kinds.TestNewKindsAuthGating" name="test_put_without_cookie_returns_401[sights]" time="0.045" /><testcase classname="tests.test_publish_and_kinds.TestPublicContentAllKinds" name="test_get_kind_returns_seeded_list[sights]" time="0.060" /><testcase classname="tests.test_publish_and_kinds.TestNewKindsAuthGating" name="test_put_without_cookie_returns_401[places]" time="0.086" /><testcase classname="tests.test_publish_and_kinds.TestPublicContentAllKinds" name="test_get_kind_returns_seeded_list[places]" time="0.057" /><testcase classname="tests.test_publish_and_kinds.TestNewKindsAuthGating" name="test_put_without_cookie_returns_401[jobs]" time="0.082" /><testcase classname="tests.test_publish_and_kinds.TestPublicContentAllKinds" name="test_get_kind_returns_seeded_list[jobs]" time="0.057" /><testcase classname="tests.test_publish_and_kinds.TestPublicContentAllKinds" name="test_get_kind_returns_seeded_list[companies]" time="0.061" /><testcase classname="tests.test_publish_and_kinds.TestNewKindsAuthGating" name="test_put_without_cookie_returns_401[companies]" time="0.042" /><testcase classname="tests.test_publish_and_kinds.TestNewKindsAuthGating" name="test_put_without_cookie_returns_401[freizeit]" time="0.043" /><testcase classname="tests.test_publish_and_kinds.TestPublicContentAllKinds" name="test_get_kind_returns_seeded_list[freizeit]" time="0.063" /><testcase classname="tests.test_publish_and_kinds.TestNewKindsAuthGating" name="test_delete_without_cookie_returns_401[sights]" time="0.042" /><testcase classname="tests.test_publish_and_kinds.TestPublishFlow" name="test_publish_dry_requires_auth" time="0.058" /><testcase classname="tests.test_publish_and_kinds.TestNewKindsAuthGating" name="test_delete_without_cookie_returns_401[places]" time="0.082" /><testcase classname="tests.test_publish_and_kinds.TestNewKindsAuthGating" name="test_delete_without_cookie_returns_401[jobs]" time="0.041" /><testcase classname="tests.test_publish_and_kinds.TestNewKindsAuthGating" name="test_delete_without_cookie_returns_401[companies]" time="0.041" /><testcase classname="tests.test_publish_and_kinds.TestPublishFlow" name="test_publish_dry_returns_counts_for_all_8_sections" time="0.669" /><testcase classname="tests.test_publish_and_kinds.TestNewKindsAuthGating" name="test_delete_without_cookie_returns_401[freizeit]" time="0.040" /><testcase classname="tests.test_publish_and_kinds.TestPublishFlow" name="test_publish_real_then_status_published" time="4.861" /><testcase classname="tests.test_publish_and_kinds.TestCompaniesCrudWithImage" name="test_company_create_update_image_get_delete" time="0.267" /></testsuite></testsuites>